Сборка начата 19.11.2025 18:41:03.
Уровень детализации журнала: Normal.     1>Проект "C:\Users\user\Desktop\VS\сп\SP\lab12\Lab_12\SP02_COM\SP02_COM.vcxproj" в узле 2 (целевые объекты Build).
     1>PrepareForBuild:
         Структурированный вывод включен. Форматирование диагностики компилятора будет отражать иерархию ошибок. Подробнее см. https://aka.ms/cpp/structured-output.
       InitializeBuildStatus:
         Создание "x64\Debug\SP02_COM.tlog\unsuccessfulbuild", так как было задано "AlwaysCreate".
         Обращение к "x64\Debug\SP02_COM.tlog\unsuccessfulbuild".
       ClCompile:
         Для всех выходных данных обновления не требуется.
         C:\Program Files\Microsoft Visual Studio\2022\Community\VC\Tools\MSVC\14.43.34808\bin\HostX64\x64\CL.exe /c /ZI /JMC /nologo /W3 /WX- /diagnostics:column /sdl /Od /D _DEBUG /D SP02COM_EXPORTS /D _WINDOWS /D _USRDLL /D _WINDLL /D _UNICODE /D UNICODE /Gm- /EHsc /RTC1 /MDd /GS /fp:precise /Zc:wchar_t /Zc:forScope /Zc:inline /permissive- /Yu"pch.h" /Fp"x64\Debug\SP02_COM.pch" /Fo"x64\Debug\\" /Fd"x64\Debug\vc143.pdb" /external:W3 /Gd /TP /FC /errorReport:prompt Registry.cpp
         Registry.cpp
     1>C:\Users\user\Desktop\VS\сп\SP\lab12\Lab_12\SP02_COM\Registry.cpp(80,24): warning C4267: аргумент: преобразование из "size_t" в "DWORD"; возможна потеря данных
         (компиляция исходного файла "/Registry.cpp")
         
       Link:
         C:\Program Files\Microsoft Visual Studio\2022\Community\VC\Tools\MSVC\14.43.34808\bin\HostX64\x64\link.exe /ERRORREPORT:PROMPT /OUT:"C:\Users\user\Desktop\VS\сп\SP\lab12\Lab_12\x64\Debug\SP02_COM.dll" /INCREMENTAL /ILK:"x64\Debug\SP02_COM.ilk" /NOLOGO kernel32.lib user32.lib gdi32.lib winspool.lib comdlg32.lib advapi32.lib shell32.lib ole32.lib oleaut32.lib uuid.lib odbc32.lib odbccp32.lib /DEF:"SP02_COM.def" /MANIFEST /MANIFESTUAC:NO /manifest:embed /DEBUG /PDB:"C:\Users\user\Desktop\VS\сп\SP\lab12\Lab_12\x64\Debug\SP02_COM.pdb" /SUBSYSTEM:WINDOWS /TLBID:1 /DYNAMICBASE /NXCOMPAT /IMPLIB:"C:\Users\user\Desktop\VS\сп\SP\lab12\Lab_12\x64\Debug\SP02_COM.lib" /MACHINE:X64 /DLL x64\Debug\dllmain.obj
         x64\Debug\Guids.obj
         x64\Debug\MathFactory.obj
         x64\Debug\pch.obj
         x64\Debug\Registry.obj
         x64\Debug\SP02.obj
         SP02_COM.vcxproj -> C:\Users\user\Desktop\VS\сп\SP\lab12\Lab_12\x64\Debug\SP02_COM.dll
       FinalizeBuildStatus:
         Файл "x64\Debug\SP02_COM.tlog\unsuccessfulbuild" удаляется.
         Обращение к "x64\Debug\SP02_COM.tlog\SP02_COM.lastbuildstate".
     1>Сборка проекта "C:\Users\user\Desktop\VS\сп\SP\lab12\Lab_12\SP02_COM\SP02_COM.vcxproj" завершена (целевые объекты Build).

Сборка успешно завершена.

       "C:\Users\user\Desktop\VS\сп\SP\lab12\Lab_12\SP02_COM\SP02_COM.vcxproj" (целевой объект Build ) (1) ->
       (Целевой объект ClCompile) -> 
         C:\Users\user\Desktop\VS\сп\SP\lab12\Lab_12\SP02_COM\Registry.cpp(80,24): warning C4267: аргумент: преобразование из "size_t" в "DWORD"; возможна потеря данных

    Предупреждений: 1
    Ошибок: 0

Прошло времени 00:00:00.40
