c:\bstu\sem5\sp\lab12\sp02_com\x64\debug\sp02_xkk.pch
c:\bstu\sem5\sp\lab12\sp02_com\x64\debug\vc143.pdb
c:\bstu\sem5\sp\lab12\sp02_com\x64\debug\vc143.idb
c:\bstu\sem5\sp\lab12\sp02_com\x64\debug\pch.obj
c:\bstu\sem5\sp\lab12\sp02_com\x64\debug\sp02.obj
c:\bstu\sem5\sp\lab12\sp02_com\x64\debug\registry.obj
c:\bstu\sem5\sp\lab12\sp02_com\x64\debug\mathfactory.obj
c:\bstu\sem5\sp\lab12\sp02_com\x64\debug\dllmain.obj
c:\bstu\sem5\sp\lab12\x64\debug\sp02_xkk.dll
c:\bstu\sem5\sp\lab12\x64\debug\sp02_xkk.pdb
c:\bstu\sem5\sp\lab12\x64\debug\sp02_xkk.lib
c:\bstu\sem5\sp\lab12\x64\debug\sp02_xkk.exp
c:\bstu\sem5\sp\lab12\sp02_com\x64\debug\sp02_xkk.ilk
c:\bstu\sem5\sp\lab12\sp02_com\x64\debug\sp02_com.tlog\cl.command.1.tlog
c:\bstu\sem5\sp\lab12\sp02_com\x64\debug\sp02_com.tlog\cl.items.tlog
c:\bstu\sem5\sp\lab12\sp02_com\x64\debug\sp02_com.tlog\cl.read.1.tlog
c:\bstu\sem5\sp\lab12\sp02_com\x64\debug\sp02_com.tlog\cl.write.1.tlog
c:\bstu\sem5\sp\lab12\sp02_com\x64\debug\sp02_com.tlog\link.command.1.tlog
c:\bstu\sem5\sp\lab12\sp02_com\x64\debug\sp02_com.tlog\link.read.1.tlog
c:\bstu\sem5\sp\lab12\sp02_com\x64\debug\sp02_com.tlog\link.secondary.1.tlog
c:\bstu\sem5\sp\lab12\sp02_com\x64\debug\sp02_com.tlog\link.write.1.tlog
