Сборка начата 08.10.2025 22:08:11.
Уровень детализации журнала: Normal.     1>Проект "C:\Users\user\Desktop\VS\сп\SP\lab11sp\Lab11\OS11_02\OS11_02.vcxproj" в узле 2 (целевые объекты Build).
     1>PrepareForBuild:
         Структурированный вывод включен. Форматирование диагностики компилятора будет отражать иерархию ошибок. Подробнее см. https://aka.ms/cpp/structured-output.
       InitializeBuildStatus:
         Создание "x64\Debug\OS11_02.tlog\unsuccessfulbuild", так как было задано "AlwaysCreate".
         Обращение к "x64\Debug\OS11_02.tlog\unsuccessfulbuild".
       ClCompile:
         C:\Program Files\Microsoft Visual Studio\2022\Community\VC\Tools\MSVC\14.43.34808\bin\HostX64\x64\CL.exe /c /ZI /JMC /nologo /W3 /WX- /diagnostics:column /sdl /Od /D _DEBUG /D _CONSOLE /D _UNICODE /D UNICODE /Gm- /EHsc /RTC1 /MDd /GS /fp:precise /Zc:wchar_t /Zc:forScope /Zc:inline /permissive- /Fo"x64\Debug\\" /Fd"x64\Debug\vc143.pdb" /external:W3 /Gd /TP /FC /errorReport:prompt main.cpp
         main.cpp
     1>C:\Users\user\Desktop\VS\сп\SP\lab11sp\Lab11\OS11_HTAPI\Element.h(7,35): warning C4091: __declspec(dllexport): пропускается слева от "ht::Element", когда ни одна переменная не объявлена
         (компиляция исходного файла "main.cpp")
         
     1>C:\Users\user\Desktop\VS\сп\SP\lab11sp\Lab11\OS11_HTAPI\HT.h(23,35): warning C4091: __declspec(dllexport): пропускается слева от "ht::HtHandle", когда ни одна переменная не объявлена
         (компиляция исходного файла "main.cpp")
         
     1>C:\Users\user\Desktop\VS\сп\SP\lab11sp\Lab11\OS11_02\main.cpp(39,73): warning C4267: аргумент: преобразование из "size_t" в "int"; возможна потеря данных
       Link:
         C:\Program Files\Microsoft Visual Studio\2022\Community\VC\Tools\MSVC\14.43.34808\bin\HostX64\x64\link.exe /ERRORREPORT:PROMPT /OUT:"C:\Users\user\Desktop\VS\сп\SP\lab11sp\Lab11\x64\Debug\OS11_02.exe" /INCREMENTAL /ILK:"x64\Debug\OS11_02.ilk" /NOLOGO kernel32.lib user32.lib gdi32.lib winspool.lib comdlg32.lib advapi32.lib shell32.lib ole32.lib oleaut32.lib uuid.lib odbc32.lib odbccp32.lib /MANIFEST /MANIFESTUAC:"level='asInvoker' uiAccess='false'" /manifest:embed /DEBUG /PDB:"C:\Users\user\Desktop\VS\сп\SP\lab11sp\Lab11\x64\Debug\OS11_02.pdb" /SUBSYSTEM:CONSOLE /TLBID:1 /DYNAMICBASE /NXCOMPAT /IMPLIB:"C:\Users\user\Desktop\VS\сп\SP\lab11sp\Lab11\x64\Debug\OS11_02.lib" /MACHINE:X64 x64\Debug\main.obj
         OS11_02.vcxproj -> C:\Users\user\Desktop\VS\сп\SP\lab11sp\Lab11\x64\Debug\OS11_02.exe
       TlogCleanup:
         Следующие элементы будут удалены из tlogs, так как они были удалены из проекта или сборки: C:\BSTU\SEM5\SP\Lab4\OS11_02\main.cpp.
       FinalizeBuildStatus:
         Файл "x64\Debug\OS11_02.tlog\unsuccessfulbuild" удаляется.
         Обращение к "x64\Debug\OS11_02.tlog\OS11_02.lastbuildstate".
     1>Сборка проекта "C:\Users\user\Desktop\VS\сп\SP\lab11sp\Lab11\OS11_02\OS11_02.vcxproj" завершена (целевые объекты Build).

Сборка успешно завершена.

       "C:\Users\user\Desktop\VS\сп\SP\lab11sp\Lab11\OS11_02\OS11_02.vcxproj" (целевой объект Build ) (1) ->
       (Целевой объект ClCompile) -> 
         C:\Users\user\Desktop\VS\сп\SP\lab11sp\Lab11\OS11_HTAPI\Element.h(7,35): warning C4091: __declspec(dllexport): пропускается слева от "ht::Element", когда ни одна переменная не объявлена
         C:\Users\user\Desktop\VS\сп\SP\lab11sp\Lab11\OS11_HTAPI\HT.h(23,35): warning C4091: __declspec(dllexport): пропускается слева от "ht::HtHandle", когда ни одна переменная не объявлена
         C:\Users\user\Desktop\VS\сп\SP\lab11sp\Lab11\OS11_02\main.cpp(39,73): warning C4267: аргумент: преобразование из "size_t" в "int"; возможна потеря данных

    Предупреждений: 3
    Ошибок: 0

Прошло времени 00:00:02.84
