Сборка начата 01.11.2025 12:29:04.
Уровень детализации журнала: Normal.     1>Проект "C:\Users\user\Desktop\VS\псп\PSP\лр4\Lab_4\ClientB\ClientB.vcxproj" в узле 2 (целевые объекты Build).
     1>PrepareForBuild:
         Структурированный вывод включен. Форматирование диагностики компилятора будет отражать иерархию ошибок. Подробнее см. https://aka.ms/cpp/structured-output.
       InitializeBuildStatus:
         Создание "x64\Debug\ClientB.tlog\unsuccessfulbuild", так как было задано "AlwaysCreate".
         Обращение к "x64\Debug\ClientB.tlog\unsuccessfulbuild".
       ClCompile:
         C:\Program Files\Microsoft Visual Studio\2022\Community\VC\Tools\MSVC\14.43.34808\bin\HostX64\x64\CL.exe /c /ZI /JMC /nologo /W3 /WX- /diagnostics:column /sdl /Od /D _DEBUG /D _CONSOLE /D _UNICODE /D UNICODE /Gm- /EHsc /RTC1 /MDd /GS /fp:precise /Zc:wchar_t /Zc:forScope /Zc:inline /permissive- /Fo"x64\Debug\\" /Fd"x64\Debug\vc143.pdb" /external:W3 /Gd /TP /FC /errorReport:prompt ClientBcpp.cpp
         ClientBcpp.cpp
     1>C:\Users\user\Desktop\VS\псп\PSP\лр4\Lab_4\ClientB\ClientBcpp.cpp(48,44): warning C4267: аргумент: преобразование из "size_t" в "int"; возможна потеря данных
       Link:
         C:\Program Files\Microsoft Visual Studio\2022\Community\VC\Tools\MSVC\14.43.34808\bin\HostX64\x64\link.exe /ERRORREPORT:PROMPT /OUT:"C:\Users\user\Desktop\VS\псп\PSP\лр4\Lab_4\x64\Debug\ClientB.exe" /INCREMENTAL /ILK:"x64\Debug\ClientB.ilk" /NOLOGO kernel32.lib user32.lib gdi32.lib winspool.lib comdlg32.lib advapi32.lib shell32.lib ole32.lib oleaut32.lib uuid.lib odbc32.lib odbccp32.lib /MANIFEST /MANIFESTUAC:"level='asInvoker' uiAccess='false'" /manifest:embed /DEBUG /PDB:"C:\Users\user\Desktop\VS\псп\PSP\лр4\Lab_4\x64\Debug\ClientB.pdb" /SUBSYSTEM:CONSOLE /TLBID:1 /DYNAMICBASE /NXCOMPAT /IMPLIB:"C:\Users\user\Desktop\VS\псп\PSP\лр4\Lab_4\x64\Debug\ClientB.lib" /MACHINE:X64 x64\Debug\ClientBcpp.obj
         ClientB.vcxproj -> C:\Users\user\Desktop\VS\псп\PSP\лр4\Lab_4\x64\Debug\ClientB.exe
       FinalizeBuildStatus:
         Файл "x64\Debug\ClientB.tlog\unsuccessfulbuild" удаляется.
         Обращение к "x64\Debug\ClientB.tlog\ClientB.lastbuildstate".
     1>Сборка проекта "C:\Users\user\Desktop\VS\псп\PSP\лр4\Lab_4\ClientB\ClientB.vcxproj" завершена (целевые объекты Build).

Сборка успешно завершена.

       "C:\Users\user\Desktop\VS\псп\PSP\лр4\Lab_4\ClientB\ClientB.vcxproj" (целевой объект Build ) (1) ->
       (Целевой объект ClCompile) -> 
         C:\Users\user\Desktop\VS\псп\PSP\лр4\Lab_4\ClientB\ClientBcpp.cpp(48,44): warning C4267: аргумент: преобразование из "size_t" в "int"; возможна потеря данных

    Предупреждений: 1
    Ошибок: 0

Прошло времени 00:00:01.75
