c:\users\37544\onedrive\desktop\псп\lab8-10\lab8-10\service_library\debug\service_library.pch
c:\users\37544\onedrive\desktop\псп\lab8-10\lab8-10\service_library\debug\vc143.pdb
c:\users\37544\onedrive\desktop\псп\lab8-10\lab8-10\service_library\debug\vc143.idb
c:\users\37544\onedrive\desktop\псп\lab8-10\lab8-10\service_library\debug\pch.obj
c:\users\37544\onedrive\desktop\псп\lab8-10\lab8-10\service_library\debug\dllmain.obj
c:\users\dimat\desktop\lab8-10\sh_laba_8_10\debug\service_library.lib
c:\users\dimat\desktop\lab8-10\sh_laba_8_10\debug\service_library.exp
c:\users\37544\onedrive\desktop\псп\lab8-10\lab8-10\sh_laba_8_10\debug\service_library.dll
c:\users\37544\onedrive\desktop\псп\lab8-10\lab8-10\sh_laba_8_10\debug\service_library.pdb
e:\2_курс\4сем\псп\lab8-10\sh_laba_8_10\debug\service_library.lib
e:\2_курс\4сем\псп\lab8-10\sh_laba_8_10\debug\service_library.exp
d:\draft\concurrentserver\sh_laba_8_10\debug\service_library.lib
d:\draft\concurrentserver\sh_laba_8_10\debug\service_library.exp
t:\uni\5_sem\concurrentserver\sh_laba_8_10\debug\service_library.lib
t:\uni\5_sem\concurrentserver\sh_laba_8_10\debug\service_library.exp
c:\users\37544\onedrive\desktop\псп\lab8-10\lab8-10\sh_laba_8_10\debug\service_library.lib
c:\users\37544\onedrive\desktop\псп\lab8-10\lab8-10\sh_laba_8_10\debug\service_library.exp
c:\users\37544\onedrive\desktop\псп\lab8-10\lab8-10\service_library\debug\service_library.ilk
c:\users\37544\onedrive\desktop\псп\lab8-10\lab8-10\service_library\debug\vc142.idb
c:\users\37544\onedrive\desktop\псп\lab8-10\lab8-10\service_library\debug\vc142.pdb
c:\users\37544\onedrive\desktop\псп\lab8-10\lab8-10\sh_laba_8_10\debug\service_library.ilk
c:\users\37544\onedrive\desktop\псп\lab8-10\lab8-10\service_library\debug\service_library.tlog\cl.command.1.tlog
c:\users\37544\onedrive\desktop\псп\lab8-10\lab8-10\service_library\debug\service_library.tlog\cl.items.tlog
c:\users\37544\onedrive\desktop\псп\lab8-10\lab8-10\service_library\debug\service_library.tlog\cl.read.1.tlog
c:\users\37544\onedrive\desktop\псп\lab8-10\lab8-10\service_library\debug\service_library.tlog\cl.write.1.tlog
c:\users\37544\onedrive\desktop\псп\lab8-10\lab8-10\service_library\debug\service_library.tlog\link.command.1.tlog
c:\users\37544\onedrive\desktop\псп\lab8-10\lab8-10\service_library\debug\service_library.tlog\link.read.1.tlog
c:\users\37544\onedrive\desktop\псп\lab8-10\lab8-10\service_library\debug\service_library.tlog\link.secondary.1.tlog
c:\users\37544\onedrive\desktop\псп\lab8-10\lab8-10\service_library\debug\service_library.tlog\link.write.1.tlog
c:\users\37544\onedrive\desktop\псп\lab8-10\lab8-10\service_library\debug\service_library.tlog\service_library.write.1u.tlog
