Сборка начата 08.10.2025 22:08:14.
Уровень детализации журнала: Normal.     1>Проект "C:\Users\user\Desktop\VS\сп\SP\lab11sp\Lab11\OS11_HTAPI\OS11_HTAPI.vcxproj" в узле 4 (целевые объекты Build).
     1>PrepareForBuild:
         Структурированный вывод включен. Форматирование диагностики компилятора будет отражать иерархию ошибок. Подробнее см. https://aka.ms/cpp/structured-output.
         Создание каталога "x64\Debug\OS11_HTAPI.tlog\".
       InitializeBuildStatus:
         Создание "x64\Debug\OS11_HTAPI.tlog\unsuccessfulbuild", так как было задано "AlwaysCreate".
         Обращение к "x64\Debug\OS11_HTAPI.tlog\unsuccessfulbuild".
       ClCompile:
         C:\Program Files\Microsoft Visual Studio\2022\Community\VC\Tools\MSVC\14.43.34808\bin\HostX64\x64\CL.exe /c /ZI /JMC /nologo /W3 /WX- /diagnostics:column /sdl /Od /D _DEBUG /D OS11HTAPI_EXPORTS /D _WINDOWS /D _USRDLL /D _WINDLL /D _UNICODE /D UNICODE /Gm- /EHsc /RTC1 /MDd /GS /fp:precise /Zc:wchar_t /Zc:forScope /Zc:inline /permissive- /Yc"pch.h" /Fp"x64\Debug\OS11_HTAPI.pch" /Fo"x64\Debug\\" /Fd"x64\Debug\vc143.pdb" /external:W3 /Gd /TP /FC /errorReport:prompt pch.cpp
         pch.cpp
         C:\Program Files\Microsoft Visual Studio\2022\Community\VC\Tools\MSVC\14.43.34808\bin\HostX64\x64\CL.exe /c /ZI /JMC /nologo /W3 /WX- /diagnostics:column /sdl /Od /D _DEBUG /D OS11HTAPI_EXPORTS /D _WINDOWS /D _USRDLL /D _WINDLL /D _UNICODE /D UNICODE /Gm- /EHsc /RTC1 /MDd /GS /fp:precise /Zc:wchar_t /Zc:forScope /Zc:inline /permissive- /Yu"pch.h" /Fp"x64\Debug\OS11_HTAPI.pch" /Fo"x64\Debug\\" /Fd"x64\Debug\vc143.pdb" /external:W3 /Gd /TP /FC /errorReport:prompt dllmain.cpp Element.cpp HT.cpp
         dllmain.cpp
         Element.cpp
     1>C:\Users\user\Desktop\VS\сп\SP\lab11sp\Lab11\OS11_HTAPI\Element.h(7,35): warning C4091: __declspec(dllexport): пропускается слева от "ht::Element", когда ни одна переменная не объявлена
         (компиляция исходного файла "/Element.cpp")
         
         HT.cpp
     1>C:\Users\user\Desktop\VS\сп\SP\lab11sp\Lab11\OS11_HTAPI\Element.h(7,35): warning C4091: __declspec(dllexport): пропускается слева от "ht::Element", когда ни одна переменная не объявлена
         (компиляция исходного файла "/HT.cpp")
         
     1>C:\Users\user\Desktop\VS\сп\SP\lab11sp\Lab11\OS11_HTAPI\HT.h(23,35): warning C4091: __declspec(dllexport): пропускается слева от "ht::HtHandle", когда ни одна переменная не объявлена
         (компиляция исходного файла "/HT.cpp")
         
         Создание кода...
       Link:
         C:\Program Files\Microsoft Visual Studio\2022\Community\VC\Tools\MSVC\14.43.34808\bin\HostX64\x64\link.exe /ERRORREPORT:PROMPT /OUT:"C:\Users\user\Desktop\VS\сп\SP\lab11sp\Lab11\x64\Debug\OS11_HTAPI.dll" /INCREMENTAL /ILK:"x64\Debug\OS11_HTAPI.ilk" /NOLOGO kernel32.lib user32.lib gdi32.lib winspool.lib comdlg32.lib advapi32.lib shell32.lib ole32.lib oleaut32.lib uuid.lib odbc32.lib odbccp32.lib /MANIFEST /MANIFESTUAC:NO /manifest:embed /DEBUG /PDB:"C:\Users\user\Desktop\VS\сп\SP\lab11sp\Lab11\x64\Debug\OS11_HTAPI.pdb" /SUBSYSTEM:WINDOWS /TLBID:1 /DYNAMICBASE /NXCOMPAT /IMPLIB:"C:\Users\user\Desktop\VS\сп\SP\lab11sp\Lab11\x64\Debug\OS11_HTAPI.lib" /MACHINE:X64 /DLL x64\Debug\dllmain.obj
         x64\Debug\Element.obj
         x64\Debug\HT.obj
         x64\Debug\pch.obj
            Создается библиотека C:\Users\user\Desktop\VS\сп\SP\lab11sp\Lab11\x64\Debug\OS11_HTAPI.lib и объект C:\Users\user\Desktop\VS\сп\SP\lab11sp\Lab11\x64\Debug\OS11_HTAPI.exp
         OS11_HTAPI.vcxproj -> C:\Users\user\Desktop\VS\сп\SP\lab11sp\Lab11\x64\Debug\OS11_HTAPI.dll
       FinalizeBuildStatus:
         Файл "x64\Debug\OS11_HTAPI.tlog\unsuccessfulbuild" удаляется.
         Обращение к "x64\Debug\OS11_HTAPI.tlog\OS11_HTAPI.lastbuildstate".
     1>Сборка проекта "C:\Users\user\Desktop\VS\сп\SP\lab11sp\Lab11\OS11_HTAPI\OS11_HTAPI.vcxproj" завершена (целевые объекты Build).

Сборка успешно завершена.

       "C:\Users\user\Desktop\VS\сп\SP\lab11sp\Lab11\OS11_HTAPI\OS11_HTAPI.vcxproj" (целевой объект Build ) (1) ->
       (Целевой объект ClCompile) -> 
         C:\Users\user\Desktop\VS\сп\SP\lab11sp\Lab11\OS11_HTAPI\Element.h(7,35): warning C4091: __declspec(dllexport): пропускается слева от "ht::Element", когда ни одна переменная не объявлена
         C:\Users\user\Desktop\VS\сп\SP\lab11sp\Lab11\OS11_HTAPI\Element.h(7,35): warning C4091: __declspec(dllexport): пропускается слева от "ht::Element", когда ни одна переменная не объявлена
         C:\Users\user\Desktop\VS\сп\SP\lab11sp\Lab11\OS11_HTAPI\HT.h(23,35): warning C4091: __declspec(dllexport): пропускается слева от "ht::HtHandle", когда ни одна переменная не объявлена

    Предупреждений: 3
    Ошибок: 0

Прошло времени 00:00:01.85
